      4 00:00
      1 00:05
      8 00:10
      2 00:15
      3 00:20
      4 00:35
      5 00:40
      7 00:45
     10 00:50
      2 00:55
      9 01:00
      7 01:05
      4 01:10
      5 01:15
      1 01:31
      1 01:35
      3 01:40
      5 01:45
      2 01:50
      4 01:55
      2 02:00
      3 02:15
      1 02:20
      2 02:25
      1 02:45
      2 03:05
      1 03:06
      1 03:11
      1 03:16
      2 03:21
      3 03:26
      2 03:31
      4 03:36
      4 03:41
      2 03:46
      2 03:56
      2 04:01
      4 04:06
      5 04:11
      2 04:16
      1 04:21
      1 04:26
      1 04:36
      2 04:41
      3 04:46
      2 04:51
      1 04:56
      3 05:06
      1 05:26
      1 05:42
      2 05:47
      3 05:57
      5 06:02
      1 06:12
      2 06:17
      1 06:22
      3 06:27
      4 06:32
      4 06:37
      5 06:42
      1 06:57
      5 07:02
      5 07:07
      1 07:12
      9 07:17
      7 07:22
      2 07:27
      3 07:32
      4 07:37
      5 07:42
     13 07:47
      8 07:52
      3 07:57
      4 08:02
      9 08:07
     13 08:12
     12 08:17
      5 08:22
      8 08:27
      1 08:32
     10 08:33
      4 08:38
      2 08:43
      7 08:48
     11 08:53
      5 08:58
     10 09:03
      6 09:08
     16 09:13
     12 09:18
      8 09:23
     20 09:28
      3 09:33
      1 09:35
      7 09:38
      9 09:43
      9 09:48
      6 09:53
      9 09:58
     13 10:03
      2 16:21
      1 18:00
      1 18:23
