      6 00:00
      1 00:05
      2 00:10
      3 00:15
      3 00:20
      2 00:25
      4 00:35
      1 00:50
      2 00:55
      1 01:00
      2 01:15
      1 01:35
      1 01:40
      1 01:45
      1 02:00
      1 02:05
      1 02:10
      2 02:15
      1 02:20
      1 02:30
      1 02:45
      1 04:06
      1 04:16
      1 04:36
      2 04:41
      3 04:46
      1 05:06
      1 05:16
      2 05:21
      2 05:42
      3 05:47
      6 05:52
      4 05:57
      2 06:02
      2 06:17
      1 06:25
      2 06:27
      4 06:32
      5 06:37
      1 06:42
      1 07:02
     10 07:07
      1 07:17
      4 07:22
      1 07:27
      6 07:32
      2 07:37
      3 07:42
      9 07:47
      4 07:52
      3 07:57
      5 08:02
     12 08:07
      8 08:12
     10 08:17
      7 08:22
      2 08:27
      5 08:43
     11 08:48
      2 08:53
      8 08:58
     12 09:03
      5 09:08
      6 09:13
      5 09:18
      1 09:22
      9 09:23
      9 09:28
      6 09:33
      1 09:38
      3 09:43
      8 09:48
      7 09:53
     19 09:58
     13 10:03
      2 12:12
      1 12:33
      1 12:36
      1 13:58
      1 16:20
      1 16:22
