      3 00:02
      2 00:07
      7 00:12
      2 00:17
      1 00:22
      3 00:27
      1 00:32
      1 00:37
      1 00:42
      3 00:47
      1 00:48
      1 00:53
      2 01:03
      1 01:18
      1 01:28
      2 01:33
      3 01:43
      4 01:48
      1 01:53
      1 02:13
      1 02:23
      1 02:33
      1 03:43
      2 03:59
      1 04:09
      1 04:34
      1 04:59
      2 05:14
      1 05:19
      1 05:24
      1 05:29
      1 05:34
      2 05:44
      1 05:49
      2 05:59
      3 06:04
      4 06:19
      2 06:24
      1 06:29
      1 06:35
      4 06:40
      6 06:50
      4 07:15
      6 07:20
      3 07:25
      6 07:30
      3 07:35
      4 07:40
      5 07:45
      6 07:50
      8 07:55
     10 08:00
      7 08:05
      7 08:10
      4 08:15
      5 08:20
      6 08:25
      1 08:30
      9 08:35
      7 08:40
     10 08:45
      4 08:50
      7 08:55
      5 09:00
      2 09:05
      7 09:10
      7 09:15
      7 09:20
      6 09:25
      8 09:30
      1 09:35
      2 09:36
      2 09:41
      1 09:46
      9 09:51
      7 09:56
     13 10:01
      1 10:06
      8 10:11
      6 10:16
      5 10:26
      7 10:31
      6 10:36
      9 10:41
      3 10:46
     11 10:51
     12 10:56
      5 11:01
      5 11:06
      3 11:11
     11 11:16
     12 11:21
      1 11:26
      8 11:31
      7 11:36
      7 11:41
     10 11:46
      3 11:51
      7 11:56
      8 12:01
      6 12:06
     15 12:11
     19 12:16
     11 12:21
     13 12:26
     10 12:31
      7 12:36
      2 12:41
      6 12:46
      2 12:51
      4 12:56
      2 13:01
      2 13:02
      8 13:07
     17 13:12
     13 13:17
      4 13:22
      6 13:27
      3 13:32
      2 13:37
      9 13:42
      9 13:47
      3 13:52
      1 13:53
      5 13:57
      1 14:02
      1 14:07
     15 14:12
     10 14:17
     15 14:22
      8 14:27
      9 14:32
      9 14:37
      7 14:42
      6 14:47
      2 14:52
      1 14:57
      5 15:02
      5 15:12
     13 15:17
      9 15:22
     18 15:27
      8 15:32
      8 15:37
     12 15:42
      8 15:47
      5 15:52
     12 15:57
     13 16:02
     15 16:07
     10 16:12
      5 16:17
      9 16:22
      7 16:27
      8 16:32
      1 16:33
      3 16:37
      6 16:38
      8 16:43
      2 16:48
      6 16:53
      4 16:58
      1 17:01
      8 17:03
      2 17:08
      8 17:13
     15 17:18
      7 17:23
      4 17:28
      9 17:33
     10 17:38
      8 17:43
      7 17:48
     10 17:53
      4 18:13
      9 18:18
      8 18:23
      2 18:28
      6 18:33
     11 18:43
      9 18:48
     12 18:53
      8 18:58
      5 19:03
      4 19:08
     12 19:13
      6 19:18
      5 19:23
     10 19:28
      5 19:33
      7 19:38
     11 19:43
      5 19:48
      1 19:53
      1 19:58
      3 20:03
      3 20:08
     11 20:13
      8 20:18
      7 20:19
      6 20:24
      6 20:34
     11 20:39
      7 20:44
      6 20:49
      2 20:54
      8 20:59
      3 21:04
      4 21:09
      9 21:14
     15 21:19
     11 21:24
      6 21:29
      8 21:34
     12 21:39
      5 21:44
      8 21:49
      3 21:54
      5 22:04
      6 22:14
      8 22:19
      3 22:24
      6 22:29
      2 22:34
      4 22:44
      7 22:49
      1 22:54
      7 22:59
      1 23:04
      6 23:24
      2 23:29
      3 23:34
      2 23:39
      5 23:45
      3 23:50
      6 23:55
